<?xml version="1.0" encoding="UTF-8"?>
<testng-results ignored="1" total="2" passed="1" failed="0" skipped="0">
  <reporter-output>
  </reporter-output>
  <suite started-at="2023-08-14T20:52:03 IST" name="Default suite" finished-at="2023-08-14T20:52:56 IST" duration-ms="53365">
    <groups>
    </groups>
    <test started-at="2023-08-14T20:52:03 IST" name="Default test" finished-at="2023-08-14T20:52:56 IST" duration-ms="53365">
      <class name="com.healthcare.executePageClasses.ActiveVisitTestClass">
        <test-method is-config="true" signature="beforeMethod()[pri:0, instance:com.healthcare.executePageClasses.ActiveVisitTestClass@14028087]" started-at="2023-08-14T20:52:03 IST" name="beforeMethod" finished-at="2023-08-14T20:52:12 IST" duration-ms="8147" status="PASS">
          <reporter-output>
          </reporter-output>
        </test-method> <!-- beforeMethod -->
        <test-method signature="verifyThePatientIsNotDisplayedInActiveVisitsWhenVisitNotStarted(java.lang.String,java.lang.String)[pri:0, instance:com.healthcare.executePageClasses.ActiveVisitTestClass@14028087]" started-at="2023-08-14T20:52:12 IST" name="verifyThePatientIsNotDisplayedInActiveVisitsWhenVisitNotStarted" data-provider="login" finished-at="2023-08-14T20:52:56 IST" duration-ms="44304" status="PASS">
          <params>
            <param index="0">
              <value>
                <![CDATA[admin]]>
              </value>
            </param>
            <param index="1">
              <value>
                <![CDATA[Admin123]]>
              </value>
            </param>
          </params>
          <reporter-output>
          </reporter-output>
        </test-method> <!-- verifyThePatientIsNotDisplayedInActiveVisitsWhenVisitNotStarted -->
        <test-method is-config="true" signature="afterMethod()[pri:0, instance:com.healthcare.executePageClasses.ActiveVisitTestClass@14028087]" started-at="2023-08-14T20:52:56 IST" name="afterMethod" finished-at="2023-08-14T20:52:56 IST" duration-ms="6" status="PASS">
          <reporter-output>
          </reporter-output>
        </test-method> <!-- afterMethod -->
      </class> <!-- com.healthcare.executePageClasses.ActiveVisitTestClass -->
    </test> <!-- Default test -->
  </suite> <!-- Default suite -->
</testng-results>
