<?xml version="1.0" encoding="UTF-8"?>
<testng-results ignored="0" total="1" passed="1" failed="0" skipped="0">
  <reporter-output>
  </reporter-output>
  <suite started-at="2023-08-14T15:15:03 IST" name="Default suite" finished-at="2023-08-14T15:16:11 IST" duration-ms="67153">
    <groups>
    </groups>
    <test started-at="2023-08-14T15:15:03 IST" name="Default test" finished-at="2023-08-14T15:16:11 IST" duration-ms="67153">
      <class name="com.healthcare.executePageClasses.CaptureVitalsOfPatientTestClass">
        <test-method is-config="true" signature="beforeMethod()[pri:0, instance:com.healthcare.executePageClasses.CaptureVitalsOfPatientTestClass@5386659f]" started-at="2023-08-14T15:15:04 IST" name="beforeMethod" finished-at="2023-08-14T15:15:15 IST" duration-ms="10400" status="PASS">
          <reporter-output>
          </reporter-output>
        </test-method> <!-- beforeMethod -->
        <test-method signature="verifyAllAddVitalDetailsOfRegisteredPatient(java.lang.String,java.lang.String)[pri:0, instance:com.healthcare.executePageClasses.CaptureVitalsOfPatientTestClass@5386659f]" started-at="2023-08-14T15:15:15 IST" name="verifyAllAddVitalDetailsOfRegisteredPatient" data-provider="login" finished-at="2023-08-14T15:16:11 IST" duration-ms="55907" status="PASS">
          <params>
            <param index="0">
              <value>
                <![CDATA[admin]]>
              </value>
            </param>
            <param index="1">
              <value>
                <![CDATA[Admin123]]>
              </value>
            </param>
          </params>
          <reporter-output>
          </reporter-output>
        </test-method> <!-- verifyAllAddVitalDetailsOfRegisteredPatient -->
        <test-method is-config="true" signature="afterMethod()[pri:0, instance:com.healthcare.executePageClasses.CaptureVitalsOfPatientTestClass@5386659f]" started-at="2023-08-14T15:16:11 IST" name="afterMethod" finished-at="2023-08-14T15:16:11 IST" duration-ms="0" status="PASS">
          <reporter-output>
          </reporter-output>
        </test-method> <!-- afterMethod -->
      </class> <!-- com.healthcare.executePageClasses.CaptureVitalsOfPatientTestClass -->
    </test> <!-- Default test -->
  </suite> <!-- Default suite -->
</testng-results>
