<?xml version="1.0" encoding="UTF-8"?>
<!-- Generated by org.testng.reporters.JUnitXMLReporter -->
<testsuite ignored="0" hostname="DESKTOP-LAFFKET" failures="0" tests="2" name="Test3" time="82.369" errors="0" timestamp="2023-08-22T15:50:06 IST">
  <testcase classname="com.healthcare.executePageClasses.CaptureVitalsOfPatientTestClass" name="verifyAllAddVitalDetailsOfRegisteredPatient" time="29.136">
    <skipped/>
  </testcase> <!-- verifyAllAddVitalDetailsOfRegisteredPatient -->
  <testcase classname="com.healthcare.executePageClasses.CaptureVitalsOfPatientTestClass" name="verifyAllAddVitalDetailsOfRegisteredPatient" time="30.167"/>
</testsuite> <!-- Test3 -->
