<?xml version="1.0" encoding="UTF-8"?>
<!-- Generated by org.testng.reporters.JUnitXMLReporter -->
<testsuite ignored="1" hostname="DESKTOP-LAFFKET" failures="1" tests="12" name="Test" time="137.883" errors="0" timestamp="2023-08-22T20:50:33 IST">
  <testcase classname="com.healthcare.executePageClasses.FindAPatientRecordTestClass" name="verifyTheRegisteredPatientIsFoundOrNotInPatientRecordTable" time="5.916">
    <skipped/>
  </testcase> <!-- verifyTheRegisteredPatientIsFoundOrNotInPatientRecordTable -->
  <testcase classname="com.healthcare.executePageClasses.FindAPatientRecordTestClass" name="verifyTheRegisteredPatientIsFoundOrNotInPatientRecordTable" time="5.108">
    <skipped/>
  </testcase> <!-- verifyTheRegisteredPatientIsFoundOrNotInPatientRecordTable -->
  <testcase classname="com.healthcare.executePageClasses.FindAPatientRecordTestClass" name="verifyTheRegisteredPatientIsFoundOrNotInPatientRecordTable" time="4.855">
    <skipped/>
  </testcase> <!-- verifyTheRegisteredPatientIsFoundOrNotInPatientRecordTable -->
  <testcase classname="com.healthcare.executePageClasses.FindAPatientRecordTestClass" name="verifyTheRegisteredPatientIsFoundOrNotInPatientRecordTable" time="6.16">
    <skipped/>
  </testcase> <!-- verifyTheRegisteredPatientIsFoundOrNotInPatientRecordTable -->
  <testcase classname="com.healthcare.executePageClasses.FindAPatientRecordTestClass" name="verifyTheRegisteredPatientIsFoundOrNotInPatientRecordTable" time="7.181">
    <skipped/>
  </testcase> <!-- verifyTheRegisteredPatientIsFoundOrNotInPatientRecordTable -->
  <testcase classname="com.healthcare.executePageClasses.FindAPatientRecordTestClass" name="verifyTheRegisteredPatientIsFoundOrNotInPatientRecordTable" time="6.493">
    <failure type="java.lang.AssertionError" message="expected [true] but found [false]">
      <![CDATA[java.lang.AssertionError: expected [true] but found [false]
at com.healthcare.executePageClasses.FindAPatientRecordTestClass.verifyTheRegisteredPatientIsFoundOrNotInPatientRecordTable(FindAPatientRecordTestClass.java:39)
at java.base/java.util.ArrayList.forEach(ArrayList.java:1541)
... Removed 31 stack frames]]>
    </failure>
  </testcase> <!-- verifyTheRegisteredPatientIsFoundOrNotInPatientRecordTable -->
  <testcase classname="com.healthcare.executePageClasses.LoginPageTestClass" name="verifySuccessfullLogin" time="2.661"/>
  <testcase classname="com.healthcare.executePageClasses.LoginPageTestClass" name="verifyTheCorrectSiteIsLoadedWhileHittingTheURL" time="2.117"/>
  <testcase classname="com.healthcare.executePageClasses.LoginPageTestClass" name="verifyTheLogoIsDisplayedOrNotInHomePage" time="2.392"/>
  <testcase classname="com.healthcare.executePageClasses.LoginPageTestClass" name="verifyUnsuccessfullLogin" time="1.212"/>
  <testcase classname="com.healthcare.executePageClasses.LoginPageTestClass" name="verifyUnsuccessfullLogin" time="1.273"/>
  <testcase classname="com.healthcare.executePageClasses.LoginPageTestClass" name="verifyUnsuccessfullLogin" time="1.183"/>
  <testcase classname="com.healthcare.executePageClasses.BaseClass" name="@BeforeSuite createExtendReport" time="0.0">
    <ignored/>
  </testcase> <!-- @BeforeSuite createExtendReport -->
</testsuite> <!-- Test -->
