<?xml version="1.0" encoding="UTF-8"?>
<!-- Generated by org.testng.reporters.JUnitXMLReporter -->
<testsuite ignored="1" hostname="DESKTOP-LAFFKET" failures="0" tests="1" name="Default test" time="53.365" errors="0" timestamp="2023-08-14T20:52:56 IST">
  <testcase classname="com.healthcare.executePageClasses.ActiveVisitTestClass" name="verifyThePatientIsNotDisplayedInActiveVisitsWhenVisitNotStarted" time="44.304"/>
  <testcase classname="com.healthcare.executePageClasses.ActiveVisitTestClass" name="verifyThePatientIsInActiveVisitsWhenVisitStarts" time="0.0">
    <ignored/>
  </testcase> <!-- verifyThePatientIsInActiveVisitsWhenVisitStarts -->
</testsuite> <!-- Default test -->
